----------------------------------------------------------------------------------------------------------------
|       |                         |                |                   |                     |                  |
|     No|     Date                |     Module code|     Module version|     Module status   |     Module result|
----------------------------------------------------------------------------------------------------------------
|       |                         |                |                   |                     |                  |
|      5|   01/27/2016 06:35:25 AM|         yahooMA|     v1.0.0 build 0|      yahooMA : Login|          80002F31|
----------------------------------------------------------------------------------------------------------------
----------------------------------------------------------------------------------------------------------------
|       |                         |                |                   |                     |                  |
|     No|     Date                |     Module code|     Module version|     Module status   |     Module result|
----------------------------------------------------------------------------------------------------------------
|       |                         |                |                   |                     |                  |
|      3|   01/27/2016 06:36:01 AM|         paygoWA|               NULL|        paygoWA : End|          00000000|
----------------------------------------------------------------------------------------------------------------
|       |                         |                |                   |                     |                  |
|      5|   01/27/2016 06:36:06 AM|         yahooMA|     v1.0.0 build 0|      yahooMA : Login|          80002F31|
----------------------------------------------------------------------------------------------------------------
----------------------------------------------------------------------------------------------------------------
|       |                         |                |                   |                     |                  |
|     No|     Date                |     Module code|     Module version|     Module status   |     Module result|
----------------------------------------------------------------------------------------------------------------
|       |                         |                |                   |                     |                  |
|      1|   01/27/2016 06:36:13 AM|         camhrWA|               NULL|        camhrWA : End|          00000000|
----------------------------------------------------------------------------------------------------------------
|       |                         |                |                   |                     |                  |
|      2|   01/27/2016 06:36:30 AM|       khmer24WB|     v1.0.0 build 0|      khmer24WB : End|          00000000|
----------------------------------------------------------------------------------------------------------------
|       |                         |                |                   |                     |                  |
|      3|   01/27/2016 06:36:42 AM|         paygoWA|               NULL|        paygoWA : End|          00000000|
----------------------------------------------------------------------------------------------------------------
|       |                         |                |                   |                     |                  |
|      4|   01/27/2016 06:37:00 AM|         yahooMA|     v1.0.0 build 0|        yahooMA : End|          00000000|
----------------------------------------------------------------------------------------------------------------
|       |                         |                |                   |                     |                  |
|      5|   01/27/2016 06:37:03 AM|         yahooMA|     v1.0.0 build 0|      yahooMA : Login|          80002F31|
----------------------------------------------------------------------------------------------------------------

